


materialPath: C:\Program Files (x86)\Steam\steamapps\common\Counter-Strike Source\cstrike\materials
Loading C:\Users\Pires\OneDrive\myMaps\CS Source\VMF\surf_afterlife.vmf
ConVarRef mat_reduceparticles doesn't point to an existing ConVar
Could not locate 'GameData' key in c:\program files (x86)\steam\steamapps\common\counter-strike source\cstrike\gameinfo.txt
Patching WVT material: maps/surf_afterlife/de_dust/groundsand_blend_wvt_patch
fixing up env_cubemap materials on brush sides...
0...1...2...3...4...5...6...7...8...9...10**** leaked ****
Entity trigger_teleport (-6192.00 -528.00 -703.00) leaked!

FindPortalSide: Couldn't find a good match for which brush to assign to a portal near (13824.0 7168.0 96.0)
Leaf 0 contents: CONTENTS_SOLID 
Leaf 1 contents: 
viscontents (node 0 contents ^ node 1 contents): CONTENTS_SOLID 
This means that none of the brushes in leaf 0 or 1 that touches the portal has CONTENTS_SOLID 
Check for a huge brush enclosing the coordinates above that has contents CONTENTS_SOLID 
Candidate brush IDs: 


FindPortalSide: Couldn't find a good match for which brush to assign to a portal near (14336.0 7680.0 96.0)
Leaf 0 contents: 
Leaf 1 contents: CONTENTS_SOLID 
viscontents (node 0 contents ^ node 1 contents): CONTENTS_SOLID 
This means that none of the brushes in leaf 0 or 1 that touches the portal has CONTENTS_SOLID 
Check for a huge brush enclosing the coordinates above that has contents CONTENTS_SOLID 
Candidate brush IDs: 


FindPortalSide: Couldn't find a good match for which brush to assign to a portal near (13824.0 8192.0 96.0)
Leaf 0 contents: 
Leaf 1 contents: CONTENTS_SOLID 
viscontents (node 0 contents ^ node 1 contents): CONTENTS_SOLID 
This means that none of the brushes in leaf 0 or 1 that touches the portal has CONTENTS_SOLID 
Check for a huge brush enclosing the coordinates above that has contents CONTENTS_SOLID 
Candidate brush IDs: 


FindPortalSide: Couldn't find a good match for which brush to assign to a portal near (12800.0 7168.0 -9448.0)
Leaf 0 contents: CONTENTS_SOLID 
Leaf 1 contents: 
viscontents (node 0 contents ^ node 1 contents): CONTENTS_SOLID 
This means that none of the brushes in leaf 0 or 1 that touches the portal has CONTENTS_SOLID 
Check for a huge brush enclosing the coordinates above that has contents CONTENTS_SOLID 
Candidate brush IDs: 


FindPortalSide: Couldn't find a good match for which brush to assign to a portal near (12800.0 7168.0 -480.0)
Leaf 0 contents: CONTENTS_SOLID 
Leaf 1 contents: 
viscontents (node 0 contents ^ node 1 contents): CONTENTS_SOLID 
This means that none of the brushes in leaf 0 or 1 that touches the portal has CONTENTS_SOLID 
Check for a huge brush enclosing the coordinates above that has contents CONTENTS_SOLID 
Candidate brush IDs: 


FindPortalSide: Couldn't find a good match for which brush to assign to a portal near (12800.0 7168.0 4192.0)
Leaf 0 contents: CONTENTS_SOLID 
Leaf 1 contents: 
viscontents (node 0 contents ^ node 1 contents): CONTENTS_SOLID 
This means that none of the brushes in leaf 0 or 1 that touches the portal has CONTENTS_SOLID 
Check for a huge brush enclosing the coordinates above that has contents CONTENTS_SOLID 
Candidate brush IDs: 


FindPortalSide: Couldn't find a good match for which brush to assign to a portal near (12800.0 7168.0 9160.0)
Leaf 0 contents: CONTENTS_SOLID 
Leaf 1 contents: 
viscontents (node 0 contents ^ node 1 contents): CONTENTS_SOLID 
This means that none of the brushes in leaf 0 or 1 that touches the portal has CONTENTS_SOLID 
Check for a huge brush enclosing the coordinates above that has contents CONTENTS_SOLID 
Candidate brush IDs: 


FindPortalSide: Couldn't find a good match for which brush to assign to a portal near (12800.0 8192.0 96.0)
Leaf 0 contents: 
Leaf 1 contents: CONTENTS_SOLID 
viscontents (node 0 contents ^ node 1 contents): CONTENTS_SOLID 
This means that none of the brushes in leaf 0 or 1 that touches the portal has CONTENTS_SOLID 
Check for a huge brush enclosing the coordinates above that has contents CONTENTS_SOLID 
Candidate brush IDs: 

*** Suppressing further FindPortalSide errors.... ***
Processing areas...done (0)
Building Faces...done (0)
Chop Details...done (0)
Find Visible Detail Sides...done (0)
Merging details...done (0)
FixTjuncs...
PruneNodes...
WriteBSP...
done (2)
Creating default LDR cubemaps for env_cubemap using skybox materials:
   skybox/sky_day01_01*.vmt
 ! Run buildcubemaps in the engine to get the correct cube maps.
Creating default HDR cubemaps for env_cubemap using skybox materials:
   skybox/sky_day01_01*.vmt
 ! Run buildcubemaps in the engine to get the correct cube maps.
Finding displacement neighbors...
Finding lightmap sample positions...
Displacement Alpha : 0...1...2...3...4...5...6...7...8...9...10
Building Physics collision data...
done (17) (1840019 bytes)
Placing detail props : 0...1...2...3...4...5...6...7...8...9...10
Water found with no water_lod_control entity, creating a default one.
Compacting texture/material tables...
Reduced 1642 texinfos to 1165
Reduced 45 texdatas to 33 (1348 bytes to 817)
Writing C:\Users\Pires\OneDrive\myMaps\CS Source\VMF\surf_afterlife.bsp
Wrote ZIP buffer, estimated size 216035, actual size 214347
21 seconds elapsed



4 threads
reading c:\users\pires\onedrive\mymaps\cs source\vmf\surf_afterlife.bsp
reading c:\users\pires\onedrive\mymaps\cs source\vmf\surf_afterlife.prt
LoadPortals: couldn't read c:\users\pires\onedrive\mymaps\cs source\vmf\surf_afterlife.prt



[Reading texlights from 'lights.rad']
[2 texlights parsed from 'lights.rad']

Loading c:\users\pires\onedrive\mymaps\cs source\vmf\surf_afterlife.bsp
No vis information, direct lighting only.
22468 faces
1 degenerate faces
132138552 square feet [19027951616.00 square inches]
0 Displacements
0 Square Feet [0.00 Square Inches]
499 direct lights
0...1...2...3...4...5...6...7...8...9...10Build Patch/Sample Hash Table(s).....Done<0.0909 sec>
0...1...2...3...4...5...6...7...8...9...10FinalLightFace Done
0 of 0 (0% of) surface lights went in leaf ambient cubes.
0...1...2...3...4...5...6...7...8...9...10Writing leaf ambient...done
Ready to Finish

Object names       Objects/Maxobjs  Memory / Maxmem  Fullness 
------------       ---------------  ---------------  -------- 
models                 175/1024         8400/49152    (17.1%) 
brushes               5295/8192        63540/98304    (64.6%) 
brushsides           37606/65536      300848/524288   (57.4%) 
planes               12078/65536      241560/1310720  (18.4%) 
vertexes             31501/65536      378012/786432   (48.1%) 
nodes                17496/65536      559872/2097152  (26.7%) 
texinfos              1165/12288       83880/884736   ( 9.5%) 
texdata                 33/2048         1056/65536    ( 1.6%) 
dispinfos                0/0               0/0        ( 0.0%) 
disp_verts               0/0               0/0        ( 0.0%) 
disp_tris                0/0               0/0        ( 0.0%) 
disp_lmsamples           0/0               0/0        ( 0.0%) 
faces                22468/65536     1258208/3670016  (34.3%) 
hdr faces                0/65536           0/3670016  ( 0.0%) 
origfaces            12973/65536      726488/3670016  (19.8%) 
leaves               17672/65536      565504/2097152  (27.0%) 
leaffaces            26177/65536       52354/131072   (39.9%) 
leafbrushes           9685/65536       19370/131072   (14.8%) 
areas                   16/256           128/2048     ( 6.3%) 
surfedges           153764/512000     615056/2048000  (30.0%) 
edges                85967/256000     343868/1024000  (33.6%) 
LDR worldlights        499/8192        43912/720896   ( 6.1%) 
HDR worldlights          0/8192            0/720896   ( 0.0%) 
leafwaterdata            5/32768          60/393216   ( 0.0%) 
waterstrips           1136/32768       11360/327680   ( 3.5%) 
waterverts               0/65536           0/786432   ( 0.0%) 
waterindices         17889/65536       35778/131072   (27.3%) 
cubemapsamples           0/1024            0/16384    ( 0.0%) 
overlays                 0/512             0/180224   ( 0.0%) 
LDR lightdata         [variable]     6463380/0        ( 0.0%) 
HDR lightdata         [variable]           0/0        ( 0.0%) 
visdata               [variable]           0/16777216 ( 0.0%) 
entdata               [variable]      315647/393216   (80.3%) VERY FULL!
LDR ambient table    17672/65536       70688/262144   (27.0%) 
HDR ambient table    17672/65536       70688/262144   (27.0%) 
LDR leaf ambient     54047/65536     1513316/1835008  (82.5%) VERY FULL!
HDR leaf ambient     17672/65536      494816/1835008  (27.0%) 
occluders                0/0               0/0        ( 0.0%) 
occluder polygons        0/0               0/0        ( 0.0%) 
occluder vert ind        0/0               0/0        ( 0.0%) 
detail props          [variable]           1/12       ( 8.3%) 
static props          [variable]           1/290      ( 0.3%) 
pakfile               [variable]      214347/0        ( 0.0%) 
physics               [variable]     1840019/4194304  (43.9%) 
physics terrain       [variable]           2/1048576  ( 0.0%) 

Level flags = 0

Total triangle count: 57386
Writing c:\users\pires\onedrive\mymaps\cs source\vmf\surf_afterlife.bsp
3 minutes, 58 seconds elapsed



materialPath: C:\Program Files (x86)\Steam\steamapps\common\Counter-Strike Source\cstrike\materials
Loading C:\Users\Pires\OneDrive\myMaps\CS Source\VMF\surf_afterlife.vmf
ConVarRef mat_reduceparticles doesn't point to an existing ConVar
Could not locate 'GameData' key in c:\program files (x86)\steam\steamapps\common\counter-strike source\cstrike\gameinfo.txt
Patching WVT material: maps/surf_afterlife/de_dust/groundsand_blend_wvt_patch
fixing up env_cubemap materials on brush sides...
0...1...2...3...4...5...6...7...8...9...10**** leaked ****
Entity trigger_teleport (-6192.00 -528.00 -703.00) leaked!

FindPortalSide: Couldn't find a good match for which brush to assign to a portal near (13824.0 7168.0 96.0)
Leaf 0 contents: CONTENTS_SOLID 
Leaf 1 contents: 
viscontents (node 0 contents ^ node 1 contents): CONTENTS_SOLID 
This means that none of the brushes in leaf 0 or 1 that touches the portal has CONTENTS_SOLID 
Check for a huge brush enclosing the coordinates above that has contents CONTENTS_SOLID 
Candidate brush IDs: 


FindPortalSide: Couldn't find a good match for which brush to assign to a portal near (14336.0 7680.0 96.0)
Leaf 0 contents: 
Leaf 1 contents: CONTENTS_SOLID 
viscontents (node 0 contents ^ node 1 contents): CONTENTS_SOLID 
This means that none of the brushes in leaf 0 or 1 that touches the portal has CONTENTS_SOLID 
Check for a huge brush enclosing the coordinates above that has contents CONTENTS_SOLID 
Candidate brush IDs: 


FindPortalSide: Couldn't find a good match for which brush to assign to a portal near (13824.0 8192.0 96.0)
Leaf 0 contents: 
Leaf 1 contents: CONTENTS_SOLID 
viscontents (node 0 contents ^ node 1 contents): CONTENTS_SOLID 
This means that none of the brushes in leaf 0 or 1 that touches the portal has CONTENTS_SOLID 
Check for a huge brush enclosing the coordinates above that has contents CONTENTS_SOLID 
Candidate brush IDs: 


FindPortalSide: Couldn't find a good match for which brush to assign to a portal near (12800.0 7168.0 -9448.0)
Leaf 0 contents: CONTENTS_SOLID 
Leaf 1 contents: 
viscontents (node 0 contents ^ node 1 contents): CONTENTS_SOLID 
This means that none of the brushes in leaf 0 or 1 that touches the portal has CONTENTS_SOLID 
Check for a huge brush enclosing the coordinates above that has contents CONTENTS_SOLID 
Candidate brush IDs: 


FindPortalSide: Couldn't find a good match for which brush to assign to a portal near (12800.0 7168.0 -480.0)
Leaf 0 contents: CONTENTS_SOLID 
Leaf 1 contents: 
viscontents (node 0 contents ^ node 1 contents): CONTENTS_SOLID 
This means that none of the brushes in leaf 0 or 1 that touches the portal has CONTENTS_SOLID 
Check for a huge brush enclosing the coordinates above that has contents CONTENTS_SOLID 
Candidate brush IDs: 


FindPortalSide: Couldn't find a good match for which brush to assign to a portal near (12800.0 7168.0 4192.0)
Leaf 0 contents: CONTENTS_SOLID 
Leaf 1 contents: 
viscontents (node 0 contents ^ node 1 contents): CONTENTS_SOLID 
This means that none of the brushes in leaf 0 or 1 that touches the portal has CONTENTS_SOLID 
Check for a huge brush enclosing the coordinates above that has contents CONTENTS_SOLID 
Candidate brush IDs: 


FindPortalSide: Couldn't find a good match for which brush to assign to a portal near (12800.0 7168.0 9160.0)
Leaf 0 contents: CONTENTS_SOLID 
Leaf 1 contents: 
viscontents (node 0 contents ^ node 1 contents): CONTENTS_SOLID 
This means that none of the brushes in leaf 0 or 1 that touches the portal has CONTENTS_SOLID 
Check for a huge brush enclosing the coordinates above that has contents CONTENTS_SOLID 
Candidate brush IDs: 


FindPortalSide: Couldn't find a good match for which brush to assign to a portal near (12800.0 8192.0 96.0)
Leaf 0 contents: 
Leaf 1 contents: CONTENTS_SOLID 
viscontents (node 0 contents ^ node 1 contents): CONTENTS_SOLID 
This means that none of the brushes in leaf 0 or 1 that touches the portal has CONTENTS_SOLID 
Check for a huge brush enclosing the coordinates above that has contents CONTENTS_SOLID 
Candidate brush IDs: 

*** Suppressing further FindPortalSide errors.... ***
Processing areas...done (0)
Building Faces...done (0)
Chop Details...done (0)
Find Visible Detail Sides...done (0)
Merging details...done (0)
FixTjuncs...
PruneNodes...
WriteBSP...
done (2)
Creating default LDR cubemaps for env_cubemap using skybox materials:
   skybox/sky_day01_01*.vmt
 ! Run buildcubemaps in the engine to get the correct cube maps.
Creating default HDR cubemaps for env_cubemap using skybox materials:
   skybox/sky_day01_01*.vmt
 ! Run buildcubemaps in the engine to get the correct cube maps.
Finding displacement neighbors...
Finding lightmap sample positions...
Displacement Alpha : 0...1...2...3...4...5...6...7...8...9...10
Building Physics collision data...
done (19) (1846008 bytes)
Placing detail props : 0...1...2...3...4...5...6...7...8...9...10
Water found with no water_lod_control entity, creating a default one.
Compacting texture/material tables...
Reduced 1651 texinfos to 1169
Reduced 45 texdatas to 33 (1348 bytes to 817)
Writing C:\Users\Pires\OneDrive\myMaps\CS Source\VMF\surf_afterlife.bsp
Wrote ZIP buffer, estimated size 216035, actual size 214347
23 seconds elapsed



4 threads
reading c:\users\pires\onedrive\mymaps\cs source\vmf\surf_afterlife.bsp
reading c:\users\pires\onedrive\mymaps\cs source\vmf\surf_afterlife.prt
LoadPortals: couldn't read c:\users\pires\onedrive\mymaps\cs source\vmf\surf_afterlife.prt



[Reading texlights from 'lights.rad']
[2 texlights parsed from 'lights.rad']

Loading c:\users\pires\onedrive\mymaps\cs source\vmf\surf_afterlife.bsp
No vis information, direct lighting only.
22525 faces
1 degenerate faces
132130280 square feet [19026759680.00 square inches]
0 Displacements
0 Square Feet [0.00 Square Inches]
499 direct lights
0...1...2...3...4...5...6...7...8...9...10Build Patch/Sample Hash Table(s).....Done<0.1538 sec>
0...1...2...3...4...5...6...7...8...9...10FinalLightFace Done
0 of 0 (0% of) surface lights went in leaf ambient cubes.
0...1...2...3...4...5...6...7...8...9...10Writing leaf ambient...done
Ready to Finish

Object names       Objects/Maxobjs  Memory / Maxmem  Fullness 
------------       ---------------  ---------------  -------- 
models                 175/1024         8400/49152    (17.1%) 
brushes               5314/8192        63768/98304    (64.9%) 
brushsides           37722/65536      301776/524288   (57.6%) 
planes               12080/65536      241600/1310720  (18.4%) 
vertexes             31684/65536      380208/786432   (48.3%) 
nodes                17563/65536      562016/2097152  (26.8%) 
texinfos              1169/12288       84168/884736   ( 9.5%) 
texdata                 33/2048         1056/65536    ( 1.6%) 
dispinfos                0/0               0/0        ( 0.0%) 
disp_verts               0/0               0/0        ( 0.0%) 
disp_tris                0/0               0/0        ( 0.0%) 
disp_lmsamples           0/0               0/0        ( 0.0%) 
faces                22525/65536     1261400/3670016  (34.4%) 
hdr faces                0/65536           0/3670016  ( 0.0%) 
origfaces            12985/65536      727160/3670016  (19.8%) 
leaves               17739/65536      567648/2097152  (27.1%) 
leaffaces            26180/65536       52360/131072   (39.9%) 
leafbrushes           9762/65536       19524/131072   (14.9%) 
areas                   16/256           128/2048     ( 6.3%) 
surfedges           154190/512000     616760/2048000  (30.1%) 
edges                86191/256000     344764/1024000  (33.7%) 
LDR worldlights        499/8192        43912/720896   ( 6.1%) 
HDR worldlights          0/8192            0/720896   ( 0.0%) 
leafwaterdata            5/32768          60/393216   ( 0.0%) 
waterstrips           1148/32768       11480/327680   ( 3.5%) 
waterverts               0/65536           0/786432   ( 0.0%) 
waterindices         18051/65536       36102/131072   (27.5%) 
cubemapsamples           0/1024            0/16384    ( 0.0%) 
overlays                 0/512             0/180224   ( 0.0%) 
LDR lightdata         [variable]     6459088/0        ( 0.0%) 
HDR lightdata         [variable]           0/0        ( 0.0%) 
visdata               [variable]           0/16777216 ( 0.0%) 
entdata               [variable]      315651/393216   (80.3%) VERY FULL!
LDR ambient table    17739/65536       70956/262144   (27.1%) 
HDR ambient table    17739/65536       70956/262144   (27.1%) 
LDR leaf ambient     54104/65536     1514912/1835008  (82.6%) VERY FULL!
HDR leaf ambient     17739/65536      496692/1835008  (27.1%) 
occluders                0/0               0/0        ( 0.0%) 
occluder polygons        0/0               0/0        ( 0.0%) 
occluder vert ind        0/0               0/0        ( 0.0%) 
detail props          [variable]           1/12       ( 8.3%) 
static props          [variable]           1/290      ( 0.3%) 
pakfile               [variable]      214347/0        ( 0.0%) 
physics               [variable]     1846008/4194304  (44.0%) 
physics terrain       [variable]           2/1048576  ( 0.0%) 

Level flags = 0

Total triangle count: 57650
Writing c:\users\pires\onedrive\mymaps\cs source\vmf\surf_afterlife.bsp
4 minutes, 29 seconds elapsed



materialPath: C:\Program Files (x86)\Steam\steamapps\common\Counter-Strike Source\cstrike\materials
Loading C:\Users\Pires\OneDrive\myMaps\CS Source\VMF\surf_afterlife.vmf
ConVarRef mat_reduceparticles doesn't point to an existing ConVar
Could not locate 'GameData' key in c:\program files (x86)\steam\steamapps\common\counter-strike source\cstrike\gameinfo.txt
Patching WVT material: maps/surf_afterlife/de_dust/groundsand_blend_wvt_patch
fixing up env_cubemap materials on brush sides...
0...1...2...3...4...5...6...7...8...9...10**** leaked ****
Entity trigger_teleport (-6192.00 -528.00 -703.00) leaked!

FindPortalSide: Couldn't find a good match for which brush to assign to a portal near (13824.0 7168.0 96.0)
Leaf 0 contents: CONTENTS_SOLID 
Leaf 1 contents: 
viscontents (node 0 contents ^ node 1 contents): CONTENTS_SOLID 
This means that none of the brushes in leaf 0 or 1 that touches the portal has CONTENTS_SOLID 
Check for a huge brush enclosing the coordinates above that has contents CONTENTS_SOLID 
Candidate brush IDs: 


FindPortalSide: Couldn't find a good match for which brush to assign to a portal near (14336.0 7680.0 96.0)
Leaf 0 contents: 
Leaf 1 contents: CONTENTS_SOLID 
viscontents (node 0 contents ^ node 1 contents): CONTENTS_SOLID 
This means that none of the brushes in leaf 0 or 1 that touches the portal has CONTENTS_SOLID 
Check for a huge brush enclosing the coordinates above that has contents CONTENTS_SOLID 
Candidate brush IDs: 


FindPortalSide: Couldn't find a good match for which brush to assign to a portal near (13824.0 8192.0 96.0)
Leaf 0 contents: 
Leaf 1 contents: CONTENTS_SOLID 
viscontents (node 0 contents ^ node 1 contents): CONTENTS_SOLID 
This means that none of the brushes in leaf 0 or 1 that touches the portal has CONTENTS_SOLID 
Check for a huge brush enclosing the coordinates above that has contents CONTENTS_SOLID 
Candidate brush IDs: 


FindPortalSide: Couldn't find a good match for which brush to assign to a portal near (12800.0 7168.0 -9448.0)
Leaf 0 contents: CONTENTS_SOLID 
Leaf 1 contents: 
viscontents (node 0 contents ^ node 1 contents): CONTENTS_SOLID 
This means that none of the brushes in leaf 0 or 1 that touches the portal has CONTENTS_SOLID 
Check for a huge brush enclosing the coordinates above that has contents CONTENTS_SOLID 
Candidate brush IDs: 


FindPortalSide: Couldn't find a good match for which brush to assign to a portal near (12800.0 7168.0 -480.0)
Leaf 0 contents: CONTENTS_SOLID 
Leaf 1 contents: 
viscontents (node 0 contents ^ node 1 contents): CONTENTS_SOLID 
This means that none of the brushes in leaf 0 or 1 that touches the portal has CONTENTS_SOLID 
Check for a huge brush enclosing the coordinates above that has contents CONTENTS_SOLID 
Candidate brush IDs: 


FindPortalSide: Couldn't find a good match for which brush to assign to a portal near (12800.0 7168.0 4192.0)
Leaf 0 contents: CONTENTS_SOLID 
Leaf 1 contents: 
viscontents (node 0 contents ^ node 1 contents): CONTENTS_SOLID 
This means that none of the brushes in leaf 0 or 1 that touches the portal has CONTENTS_SOLID 
Check for a huge brush enclosing the coordinates above that has contents CONTENTS_SOLID 
Candidate brush IDs: 


FindPortalSide: Couldn't find a good match for which brush to assign to a portal near (12800.0 7168.0 9160.0)
Leaf 0 contents: CONTENTS_SOLID 
Leaf 1 contents: 
viscontents (node 0 contents ^ node 1 contents): CONTENTS_SOLID 
This means that none of the brushes in leaf 0 or 1 that touches the portal has CONTENTS_SOLID 
Check for a huge brush enclosing the coordinates above that has contents CONTENTS_SOLID 
Candidate brush IDs: 


FindPortalSide: Couldn't find a good match for which brush to assign to a portal near (12800.0 8192.0 96.0)
Leaf 0 contents: 
Leaf 1 contents: CONTENTS_SOLID 
viscontents (node 0 contents ^ node 1 contents): CONTENTS_SOLID 
This means that none of the brushes in leaf 0 or 1 that touches the portal has CONTENTS_SOLID 
Check for a huge brush enclosing the coordinates above that has contents CONTENTS_SOLID 
Candidate brush IDs: 

*** Suppressing further FindPortalSide errors.... ***
Processing areas...done (0)
Building Faces...done (0)
Chop Details...done (0)
Find Visible Detail Sides...done (0)
Merging details...done (0)
FixTjuncs...
PruneNodes...
WriteBSP...
done (2)
Creating default LDR cubemaps for env_cubemap using skybox materials:
   skybox/sky_day01_01*.vmt
 ! Run buildcubemaps in the engine to get the correct cube maps.
Creating default HDR cubemaps for env_cubemap using skybox materials:
   skybox/sky_day01_01*.vmt
 ! Run buildcubemaps in the engine to get the correct cube maps.
Finding displacement neighbors...
Finding lightmap sample positions...
Displacement Alpha : 0...1...2...3...4...5...6...7...8...9...10
Building Physics collision data...
done (17) (1858226 bytes)
Placing detail props : 0...1...2...3...4...5...6...7...8...9...10
Water found with no water_lod_control entity, creating a default one.
Compacting texture/material tables...
Reduced 1652 texinfos to 1176
Reduced 45 texdatas to 33 (1348 bytes to 817)
Writing C:\Users\Pires\OneDrive\myMaps\CS Source\VMF\surf_afterlife.bsp
Wrote ZIP buffer, estimated size 216035, actual size 214347
22 seconds elapsed



4 threads
reading c:\users\pires\onedrive\mymaps\cs source\vmf\surf_afterlife.bsp
reading c:\users\pires\onedrive\mymaps\cs source\vmf\surf_afterlife.prt
LoadPortals: couldn't read c:\users\pires\onedrive\mymaps\cs source\vmf\surf_afterlife.prt



[Reading texlights from 'lights.rad']
[2 texlights parsed from 'lights.rad']

Loading c:\users\pires\onedrive\mymaps\cs source\vmf\surf_afterlife.bsp
No vis information, direct lighting only.
22762 faces
1 degenerate faces
132346024 square feet [19057827840.00 square inches]
0 Displacements
0 Square Feet [0.00 Square Inches]
499 direct lights
0...1...2...3...4...5...6...7...8...9...10Build Patch/Sample Hash Table(s).....Done<0.1326 sec>
0...1...2...3...4...5...6...7...8...9...10FinalLightFace Done
0 of 0 (0% of) surface lights went in leaf ambient cubes.
0...1...2...3...4...5...6...7...8...9...10Writing leaf ambient...done
Ready to Finish

Object names       Objects/Maxobjs  Memory / Maxmem  Fullness 
------------       ---------------  ---------------  -------- 
models                 175/1024         8400/49152    (17.1%) 
brushes               5351/8192        64212/98304    (65.3%) 
brushsides           37965/65536      303720/524288   (57.9%) 
planes               12132/65536      242640/1310720  (18.5%) 
vertexes             31953/65536      383436/786432   (48.8%) 
nodes                17721/65536      567072/2097152  (27.0%) 
texinfos              1176/12288       84672/884736   ( 9.6%) 
texdata                 33/2048         1056/65536    ( 1.6%) 
dispinfos                0/0               0/0        ( 0.0%) 
disp_verts               0/0               0/0        ( 0.0%) 
disp_tris                0/0               0/0        ( 0.0%) 
disp_lmsamples           0/0               0/0        ( 0.0%) 
faces                22762/65536     1274672/3670016  (34.7%) 
hdr faces                0/65536           0/3670016  ( 0.0%) 
origfaces            13094/65536      733264/3670016  (20.0%) 
leaves               17897/65536      572704/2097152  (27.3%) 
leaffaces            26525/65536       53050/131072   (40.5%) 
leafbrushes           9819/65536       19638/131072   (15.0%) 
areas                   16/256           128/2048     ( 6.3%) 
surfedges           155584/512000     622336/2048000  (30.4%) 
edges                86976/256000     347904/1024000  (34.0%) 
LDR worldlights        499/8192        43912/720896   ( 6.1%) 
HDR worldlights          0/8192            0/720896   ( 0.0%) 
leafwaterdata            5/32768          60/393216   ( 0.0%) 
waterstrips           1133/32768       11330/327680   ( 3.5%) 
waterverts               0/65536           0/786432   ( 0.0%) 
waterindices         17793/65536       35586/131072   (27.1%) 
cubemapsamples           0/1024            0/16384    ( 0.0%) 
overlays                 0/512             0/180224   ( 0.0%) 
LDR lightdata         [variable]     6724312/0        ( 0.0%) 
HDR lightdata         [variable]           0/0        ( 0.0%) 
visdata               [variable]           0/16777216 ( 0.0%) 
entdata               [variable]      315651/393216   (80.3%) VERY FULL!
LDR ambient table    17897/65536       71588/262144   (27.3%) 
HDR ambient table    17897/65536       71588/262144   (27.3%) 
LDR leaf ambient     54646/65536     1530088/1835008  (83.4%) VERY FULL!
HDR leaf ambient     17897/65536      501116/1835008  (27.3%) 
occluders                0/0               0/0        ( 0.0%) 
occluder polygons        0/0               0/0        ( 0.0%) 
occluder vert ind        0/0               0/0        ( 0.0%) 
detail props          [variable]           1/12       ( 8.3%) 
static props          [variable]           1/290      ( 0.3%) 
pakfile               [variable]      214347/0        ( 0.0%) 
physics               [variable]     1858226/4194304  (44.3%) 
physics terrain       [variable]           2/1048576  ( 0.0%) 

Level flags = 0

Total triangle count: 58142
Writing c:\users\pires\onedrive\mymaps\cs source\vmf\surf_afterlife.bsp
3 minutes, 57 seconds elapsed



materialPath: C:\Program Files (x86)\Steam\steamapps\common\Counter-Strike Source\cstrike\materials
Loading C:\Users\Pires\OneDrive\myMaps\CS Source\VMF\surf_afterlife.vmf
ConVarRef mat_reduceparticles doesn't point to an existing ConVar
Could not locate 'GameData' key in c:\program files (x86)\steam\steamapps\common\counter-strike source\cstrike\gameinfo.txt
Patching WVT material: maps/surf_afterlife/de_dust/groundsand_blend_wvt_patch
fixing up env_cubemap materials on brush sides...
0...1...2...3...4...5...6...7...8...9...10**** leaked ****
Entity trigger_teleport (-6192.00 -528.00 -703.00) leaked!

FindPortalSide: Couldn't find a good match for which brush to assign to a portal near (13824.0 7168.0 96.0)
Leaf 0 contents: CONTENTS_SOLID 
Leaf 1 contents: 
viscontents (node 0 contents ^ node 1 contents): CONTENTS_SOLID 
This means that none of the brushes in leaf 0 or 1 that touches the portal has CONTENTS_SOLID 
Check for a huge brush enclosing the coordinates above that has contents CONTENTS_SOLID 
Candidate brush IDs: 


FindPortalSide: Couldn't find a good match for which brush to assign to a portal near (14336.0 7680.0 96.0)
Leaf 0 contents: 
Leaf 1 contents: CONTENTS_SOLID 
viscontents (node 0 contents ^ node 1 contents): CONTENTS_SOLID 
This means that none of the brushes in leaf 0 or 1 that touches the portal has CONTENTS_SOLID 
Check for a huge brush enclosing the coordinates above that has contents CONTENTS_SOLID 
Candidate brush IDs: 


FindPortalSide: Couldn't find a good match for which brush to assign to a portal near (13824.0 8192.0 96.0)
Leaf 0 contents: 
Leaf 1 contents: CONTENTS_SOLID 
viscontents (node 0 contents ^ node 1 contents): CONTENTS_SOLID 
This means that none of the brushes in leaf 0 or 1 that touches the portal has CONTENTS_SOLID 
Check for a huge brush enclosing the coordinates above that has contents CONTENTS_SOLID 
Candidate brush IDs: 


FindPortalSide: Couldn't find a good match for which brush to assign to a portal near (12800.0 7168.0 -9448.0)
Leaf 0 contents: CONTENTS_SOLID 
Leaf 1 contents: 
viscontents (node 0 contents ^ node 1 contents): CONTENTS_SOLID 
This means that none of the brushes in leaf 0 or 1 that touches the portal has CONTENTS_SOLID 
Check for a huge brush enclosing the coordinates above that has contents CONTENTS_SOLID 
Candidate brush IDs: 


FindPortalSide: Couldn't find a good match for which brush to assign to a portal near (12800.0 7168.0 -480.0)
Leaf 0 contents: CONTENTS_SOLID 
Leaf 1 contents: 
viscontents (node 0 contents ^ node 1 contents): CONTENTS_SOLID 
This means that none of the brushes in leaf 0 or 1 that touches the portal has CONTENTS_SOLID 
Check for a huge brush enclosing the coordinates above that has contents CONTENTS_SOLID 
Candidate brush IDs: 


FindPortalSide: Couldn't find a good match for which brush to assign to a portal near (12800.0 7168.0 4192.0)
Leaf 0 contents: CONTENTS_SOLID 
Leaf 1 contents: 
viscontents (node 0 contents ^ node 1 contents): CONTENTS_SOLID 
This means that none of the brushes in leaf 0 or 1 that touches the portal has CONTENTS_SOLID 
Check for a huge brush enclosing the coordinates above that has contents CONTENTS_SOLID 
Candidate brush IDs: 


FindPortalSide: Couldn't find a good match for which brush to assign to a portal near (12800.0 7168.0 9160.0)
Leaf 0 contents: CONTENTS_SOLID 
Leaf 1 contents: 
viscontents (node 0 contents ^ node 1 contents): CONTENTS_SOLID 
This means that none of the brushes in leaf 0 or 1 that touches the portal has CONTENTS_SOLID 
Check for a huge brush enclosing the coordinates above that has contents CONTENTS_SOLID 
Candidate brush IDs: 


FindPortalSide: Couldn't find a good match for which brush to assign to a portal near (12800.0 8192.0 96.0)
Leaf 0 contents: 
Leaf 1 contents: CONTENTS_SOLID 
viscontents (node 0 contents ^ node 1 contents): CONTENTS_SOLID 
This means that none of the brushes in leaf 0 or 1 that touches the portal has CONTENTS_SOLID 
Check for a huge brush enclosing the coordinates above that has contents CONTENTS_SOLID 
Candidate brush IDs: 

*** Suppressing further FindPortalSide errors.... ***
Processing areas...done (0)
Building Faces...done (0)
Chop Details...done (0)
Find Visible Detail Sides...done (0)
Merging details...done (0)
FixTjuncs...
PruneNodes...
WriteBSP...
done (1)
Creating default LDR cubemaps for env_cubemap using skybox materials:
   skybox/sky_day01_01*.vmt
 ! Run buildcubemaps in the engine to get the correct cube maps.
Creating default HDR cubemaps for env_cubemap using skybox materials:
   skybox/sky_day01_01*.vmt
 ! Run buildcubemaps in the engine to get the correct cube maps.
Finding displacement neighbors...
Finding lightmap sample positions...
Displacement Alpha : 0...1...2...3...4...5...6...7...8...9...10
Building Physics collision data...
done (16) (1842611 bytes)
Placing detail props : 0...1...2...3...4...5...6...7...8...9...10
Water found with no water_lod_control entity, creating a default one.
Compacting texture/material tables...
Reduced 1627 texinfos to 1161
Reduced 46 texdatas to 34 (1358 bytes to 827)
Writing C:\Users\Pires\OneDrive\myMaps\CS Source\VMF\surf_afterlife.bsp
Wrote ZIP buffer, estimated size 216035, actual size 214347
20 seconds elapsed



4 threads
reading c:\users\pires\onedrive\mymaps\cs source\vmf\surf_afterlife.bsp
reading c:\users\pires\onedrive\mymaps\cs source\vmf\surf_afterlife.prt
LoadPortals: couldn't read c:\users\pires\onedrive\mymaps\cs source\vmf\surf_afterlife.prt



[Reading texlights from 'lights.rad']
[2 texlights parsed from 'lights.rad']

Loading c:\users\pires\onedrive\mymaps\cs source\vmf\surf_afterlife.bsp
No vis information, direct lighting only.
22465 faces
2 degenerate faces
132337208 square feet [19056558080.00 square inches]
0 Displacements
0 Square Feet [0.00 Square Inches]
499 direct lights
0...1...2...3...4...5...6...7...8...9...10Build Patch/Sample Hash Table(s).....Done<0.1715 sec>
0...1...2...3...4...5...6...7...8...9...10FinalLightFace Done
0 of 0 (0% of) surface lights went in leaf ambient cubes.
0...1...2...3...4...5...6...7...8...9...10Writing leaf ambient...done
Ready to Finish

Object names       Objects/Maxobjs  Memory / Maxmem  Fullness 
------------       ---------------  ---------------  -------- 
models                 175/1024         8400/49152    (17.1%) 
brushes               5323/8192        63876/98304    (65.0%) 
brushsides           37602/65536      300816/524288   (57.4%) 
planes               11834/65536      236680/1310720  (18.1%) 
vertexes             31413/65536      376956/786432   (47.9%) 
nodes                17473/65536      559136/2097152  (26.7%) 
texinfos              1161/12288       83592/884736   ( 9.4%) 
texdata                 34/2048         1088/65536    ( 1.7%) 
dispinfos                0/0               0/0        ( 0.0%) 
disp_verts               0/0               0/0        ( 0.0%) 
disp_tris                0/0               0/0        ( 0.0%) 
disp_lmsamples           0/0               0/0        ( 0.0%) 
faces                22465/65536     1258040/3670016  (34.3%) 
hdr faces                0/65536           0/3670016  ( 0.0%) 
origfaces            12928/65536      723968/3670016  (19.7%) 
leaves               17649/65536      564768/2097152  (26.9%) 
leaffaces            26185/65536       52370/131072   (40.0%) 
leafbrushes           9687/65536       19374/131072   (14.8%) 
areas                   16/256           128/2048     ( 6.3%) 
surfedges           153581/512000     614324/2048000  (30.0%) 
edges                85951/256000     343804/1024000  (33.6%) 
LDR worldlights        499/8192        43912/720896   ( 6.1%) 
HDR worldlights          0/8192            0/720896   ( 0.0%) 
leafwaterdata            5/32768          60/393216   ( 0.0%) 
waterstrips           1121/32768       11210/327680   ( 3.4%) 
waterverts               0/65536           0/786432   ( 0.0%) 
waterindices         17346/65536       34692/131072   (26.5%) 
cubemapsamples           0/1024            0/16384    ( 0.0%) 
overlays                 0/512             0/180224   ( 0.0%) 
LDR lightdata         [variable]     6703992/0        ( 0.0%) 
HDR lightdata         [variable]           0/0        ( 0.0%) 
visdata               [variable]           0/16777216 ( 0.0%) 
entdata               [variable]      315638/393216   (80.3%) VERY FULL!
LDR ambient table    17649/65536       70596/262144   (26.9%) 
HDR ambient table    17649/65536       70596/262144   (26.9%) 
LDR leaf ambient     51809/65536     1450652/1835008  (79.1%) 
HDR leaf ambient     17649/65536      494172/1835008  (26.9%) 
occluders                0/0               0/0        ( 0.0%) 
occluder polygons        0/0               0/0        ( 0.0%) 
occluder vert ind        0/0               0/0        ( 0.0%) 
detail props          [variable]           1/12       ( 8.3%) 
static props          [variable]           1/290      ( 0.3%) 
pakfile               [variable]      214347/0        ( 0.0%) 
physics               [variable]     1842611/4194304  (43.9%) 
physics terrain       [variable]           2/1048576  ( 0.0%) 

Level flags = 0

Total triangle count: 57394
Writing c:\users\pires\onedrive\mymaps\cs source\vmf\surf_afterlife.bsp
3 minutes, 39 seconds elapsed



materialPath: C:\Program Files (x86)\Steam\steamapps\common\Counter-Strike Source\cstrike\materials
Loading C:\Users\Pires\OneDrive\myMaps\CS Source\VMF\surf_afterlife.vmf
ConVarRef mat_reduceparticles doesn't point to an existing ConVar
Could not locate 'GameData' key in c:\program files (x86)\steam\steamapps\common\counter-strike source\cstrike\gameinfo.txt
Patching WVT material: maps/surf_afterlife/de_dust/groundsand_blend_wvt_patch
fixing up env_cubemap materials on brush sides...
0...1...2...3...4...5...6...7...8...9...10**** leaked ****
Entity trigger_teleport (-6192.00 -528.00 -703.00) leaked!

FindPortalSide: Couldn't find a good match for which brush to assign to a portal near (13824.0 7168.0 96.0)
Leaf 0 contents: CONTENTS_SOLID 
Leaf 1 contents: 
viscontents (node 0 contents ^ node 1 contents): CONTENTS_SOLID 
This means that none of the brushes in leaf 0 or 1 that touches the portal has CONTENTS_SOLID 
Check for a huge brush enclosing the coordinates above that has contents CONTENTS_SOLID 
Candidate brush IDs: 


FindPortalSide: Couldn't find a good match for which brush to assign to a portal near (14336.0 7680.0 96.0)
Leaf 0 contents: 
Leaf 1 contents: CONTENTS_SOLID 
viscontents (node 0 contents ^ node 1 contents): CONTENTS_SOLID 
This means that none of the brushes in leaf 0 or 1 that touches the portal has CONTENTS_SOLID 
Check for a huge brush enclosing the coordinates above that has contents CONTENTS_SOLID 
Candidate brush IDs: 


FindPortalSide: Couldn't find a good match for which brush to assign to a portal near (13824.0 8192.0 96.0)
Leaf 0 contents: 
Leaf 1 contents: CONTENTS_SOLID 
viscontents (node 0 contents ^ node 1 contents): CONTENTS_SOLID 
This means that none of the brushes in leaf 0 or 1 that touches the portal has CONTENTS_SOLID 
Check for a huge brush enclosing the coordinates above that has contents CONTENTS_SOLID 
Candidate brush IDs: 


FindPortalSide: Couldn't find a good match for which brush to assign to a portal near (12800.0 7168.0 -9448.0)
Leaf 0 contents: CONTENTS_SOLID 
Leaf 1 contents: 
viscontents (node 0 contents ^ node 1 contents): CONTENTS_SOLID 
This means that none of the brushes in leaf 0 or 1 that touches the portal has CONTENTS_SOLID 
Check for a huge brush enclosing the coordinates above that has contents CONTENTS_SOLID 
Candidate brush IDs: 


FindPortalSide: Couldn't find a good match for which brush to assign to a portal near (12800.0 7168.0 -480.0)
Leaf 0 contents: CONTENTS_SOLID 
Leaf 1 contents: 
viscontents (node 0 contents ^ node 1 contents): CONTENTS_SOLID 
This means that none of the brushes in leaf 0 or 1 that touches the portal has CONTENTS_SOLID 
Check for a huge brush enclosing the coordinates above that has contents CONTENTS_SOLID 
Candidate brush IDs: 


FindPortalSide: Couldn't find a good match for which brush to assign to a portal near (12800.0 7168.0 4192.0)
Leaf 0 contents: CONTENTS_SOLID 
Leaf 1 contents: 
viscontents (node 0 contents ^ node 1 contents): CONTENTS_SOLID 
This means that none of the brushes in leaf 0 or 1 that touches the portal has CONTENTS_SOLID 
Check for a huge brush enclosing the coordinates above that has contents CONTENTS_SOLID 
Candidate brush IDs: 


FindPortalSide: Couldn't find a good match for which brush to assign to a portal near (12800.0 7168.0 9160.0)
Leaf 0 contents: CONTENTS_SOLID 
Leaf 1 contents: 
viscontents (node 0 contents ^ node 1 contents): CONTENTS_SOLID 
This means that none of the brushes in leaf 0 or 1 that touches the portal has CONTENTS_SOLID 
Check for a huge brush enclosing the coordinates above that has contents CONTENTS_SOLID 
Candidate brush IDs: 


FindPortalSide: Couldn't find a good match for which brush to assign to a portal near (12800.0 8192.0 96.0)
Leaf 0 contents: 
Leaf 1 contents: CONTENTS_SOLID 
viscontents (node 0 contents ^ node 1 contents): CONTENTS_SOLID 
This means that none of the brushes in leaf 0 or 1 that touches the portal has CONTENTS_SOLID 
Check for a huge brush enclosing the coordinates above that has contents CONTENTS_SOLID 
Candidate brush IDs: 

*** Suppressing further FindPortalSide errors.... ***
Processing areas...done (0)
Building Faces...done (0)
Chop Details...done (0)
Find Visible Detail Sides...done (0)
Merging details...done (0)
FixTjuncs...
PruneNodes...
WriteBSP...
done (1)
Creating default LDR cubemaps for env_cubemap using skybox materials:
   skybox/sky_day01_01*.vmt
 ! Run buildcubemaps in the engine to get the correct cube maps.
Creating default HDR cubemaps for env_cubemap using skybox materials:
   skybox/sky_day01_01*.vmt
 ! Run buildcubemaps in the engine to get the correct cube maps.
Finding displacement neighbors...
Finding lightmap sample positions...
Displacement Alpha : 0...1...2...3...4...5...6...7...8...9...10
Building Physics collision data...
done (17) (1841123 bytes)
Placing detail props : 0...1...2...3...4...5...6...7...8...9...10
Water found with no water_lod_control entity, creating a default one.
Compacting texture/material tables...
Reduced 1627 texinfos to 1160
Reduced 46 texdatas to 34 (1358 bytes to 827)
Writing C:\Users\Pires\OneDrive\myMaps\CS Source\VMF\surf_afterlife.bsp
Wrote ZIP buffer, estimated size 216035, actual size 214347
21 seconds elapsed



4 threads
reading c:\users\pires\onedrive\mymaps\cs source\vmf\surf_afterlife.bsp
reading c:\users\pires\onedrive\mymaps\cs source\vmf\surf_afterlife.prt
LoadPortals: couldn't read c:\users\pires\onedrive\mymaps\cs source\vmf\surf_afterlife.prt



[Reading texlights from 'lights.rad']
[2 texlights parsed from 'lights.rad']

Loading c:\users\pires\onedrive\mymaps\cs source\vmf\surf_afterlife.bsp
No vis information, direct lighting only.
22426 faces
2 degenerate faces
132336752 square feet [19056492544.00 square inches]
0 Displacements
0 Square Feet [0.00 Square Inches]
500 direct lights
0...1...2...3...4...5...6...7...8...9...10Build Patch/Sample Hash Table(s).....Done<0.1698 sec>
0...1...2...3...4...5...6...7...8...9...10FinalLightFace Done
0 of 0 (0% of) surface lights went in leaf ambient cubes.
0...1...2...3...4...5...6...7...8...9...10Writing leaf ambient...done
Ready to Finish

Object names       Objects/Maxobjs  Memory / Maxmem  Fullness 
------------       ---------------  ---------------  -------- 
models                 175/1024         8400/49152    (17.1%) 
brushes               5317/8192        63804/98304    (64.9%) 
brushsides           37507/65536      300056/524288   (57.2%) 
planes               11696/65536      233920/1310720  (17.8%) 
vertexes             31354/65536      376248/786432   (47.8%) 
nodes                17453/65536      558496/2097152  (26.6%) 
texinfos              1160/12288       83520/884736   ( 9.4%) 
texdata                 34/2048         1088/65536    ( 1.7%) 
dispinfos                0/0               0/0        ( 0.0%) 
disp_verts               0/0               0/0        ( 0.0%) 
disp_tris                0/0               0/0        ( 0.0%) 
disp_lmsamples           0/0               0/0        ( 0.0%) 
faces                22426/65536     1255856/3670016  (34.2%) 
hdr faces                0/65536           0/3670016  ( 0.0%) 
origfaces            12903/65536      722568/3670016  (19.7%) 
leaves               17629/65536      564128/2097152  (26.9%) 
leaffaces            26212/65536       52424/131072   (40.0%) 
leafbrushes           9681/65536       19362/131072   (14.8%) 
areas                   16/256           128/2048     ( 6.3%) 
surfedges           153310/512000     613240/2048000  (29.9%) 
edges                85804/256000     343216/1024000  (33.5%) 
LDR worldlights        500/8192        44000/720896   ( 6.1%) 
HDR worldlights          0/8192            0/720896   ( 0.0%) 
leafwaterdata            5/32768          60/393216   ( 0.0%) 
waterstrips           1111/32768       11110/327680   ( 3.4%) 
waterverts               0/65536           0/786432   ( 0.0%) 
waterindices         17181/65536       34362/131072   (26.2%) 
cubemapsamples           0/1024            0/16384    ( 0.0%) 
overlays                 0/512             0/180224   ( 0.0%) 
LDR lightdata         [variable]     6695676/0        ( 0.0%) 
HDR lightdata         [variable]           0/0        ( 0.0%) 
visdata               [variable]           0/16777216 ( 0.0%) 
entdata               [variable]      313747/393216   (79.8%) 
LDR ambient table    17629/65536       70516/262144   (26.9%) 
HDR ambient table    17629/65536       70516/262144   (26.9%) 
LDR leaf ambient     52750/65536     1477000/1835008  (80.5%) VERY FULL!
HDR leaf ambient     17629/65536      493612/1835008  (26.9%) 
occluders                0/0               0/0        ( 0.0%) 
occluder polygons        0/0               0/0        ( 0.0%) 
occluder vert ind        0/0               0/0        ( 0.0%) 
detail props          [variable]           1/12       ( 8.3%) 
static props          [variable]           1/290      ( 0.3%) 
pakfile               [variable]      214347/0        ( 0.0%) 
physics               [variable]     1841123/4194304  (43.9%) 
physics terrain       [variable]           2/1048576  ( 0.0%) 

Level flags = 0

Total triangle count: 57284
Writing c:\users\pires\onedrive\mymaps\cs source\vmf\surf_afterlife.bsp
4 minutes, 1 second elapsed



materialPath: C:\Program Files (x86)\Steam\steamapps\common\Counter-Strike Source\cstrike\materials
Loading C:\Users\Pires\OneDrive\myMaps\CS Source\VMF\surf_afterlife.vmf
ConVarRef mat_reduceparticles doesn't point to an existing ConVar
Could not locate 'GameData' key in c:\program files (x86)\steam\steamapps\common\counter-strike source\cstrike\gameinfo.txt
Patching WVT material: maps/surf_afterlife/de_dust/groundsand_blend_wvt_patch
fixing up env_cubemap materials on brush sides...
0...1...2...3...4...5...6...7...8...9...10**** leaked ****
Entity trigger_teleport (-6192.00 -528.00 -703.00) leaked!

FindPortalSide: Couldn't find a good match for which brush to assign to a portal near (13824.0 7168.0 96.0)
Leaf 0 contents: CONTENTS_SOLID 
Leaf 1 contents: 
viscontents (node 0 contents ^ node 1 contents): CONTENTS_SOLID 
This means that none of the brushes in leaf 0 or 1 that touches the portal has CONTENTS_SOLID 
Check for a huge brush enclosing the coordinates above that has contents CONTENTS_SOLID 
Candidate brush IDs: 


FindPortalSide: Couldn't find a good match for which brush to assign to a portal near (14336.0 7680.0 96.0)
Leaf 0 contents: 
Leaf 1 contents: CONTENTS_SOLID 
viscontents (node 0 contents ^ node 1 contents): CONTENTS_SOLID 
This means that none of the brushes in leaf 0 or 1 that touches the portal has CONTENTS_SOLID 
Check for a huge brush enclosing the coordinates above that has contents CONTENTS_SOLID 
Candidate brush IDs: 


FindPortalSide: Couldn't find a good match for which brush to assign to a portal near (13824.0 8192.0 96.0)
Leaf 0 contents: 
Leaf 1 contents: CONTENTS_SOLID 
viscontents (node 0 contents ^ node 1 contents): CONTENTS_SOLID 
This means that none of the brushes in leaf 0 or 1 that touches the portal has CONTENTS_SOLID 
Check for a huge brush enclosing the coordinates above that has contents CONTENTS_SOLID 
Candidate brush IDs: 


FindPortalSide: Couldn't find a good match for which brush to assign to a portal near (12800.0 7168.0 -9448.0)
Leaf 0 contents: CONTENTS_SOLID 
Leaf 1 contents: 
viscontents (node 0 contents ^ node 1 contents): CONTENTS_SOLID 
This means that none of the brushes in leaf 0 or 1 that touches the portal has CONTENTS_SOLID 
Check for a huge brush enclosing the coordinates above that has contents CONTENTS_SOLID 
Candidate brush IDs: 


FindPortalSide: Couldn't find a good match for which brush to assign to a portal near (12800.0 7168.0 -480.0)
Leaf 0 contents: CONTENTS_SOLID 
Leaf 1 contents: 
viscontents (node 0 contents ^ node 1 contents): CONTENTS_SOLID 
This means that none of the brushes in leaf 0 or 1 that touches the portal has CONTENTS_SOLID 
Check for a huge brush enclosing the coordinates above that has contents CONTENTS_SOLID 
Candidate brush IDs: 


FindPortalSide: Couldn't find a good match for which brush to assign to a portal near (12800.0 7168.0 4192.0)
Leaf 0 contents: CONTENTS_SOLID 
Leaf 1 contents: 
viscontents (node 0 contents ^ node 1 contents): CONTENTS_SOLID 
This means that none of the brushes in leaf 0 or 1 that touches the portal has CONTENTS_SOLID 
Check for a huge brush enclosing the coordinates above that has contents CONTENTS_SOLID 
Candidate brush IDs: 


FindPortalSide: Couldn't find a good match for which brush to assign to a portal near (12800.0 7168.0 9160.0)
Leaf 0 contents: CONTENTS_SOLID 
Leaf 1 contents: 
viscontents (node 0 contents ^ node 1 contents): CONTENTS_SOLID 
This means that none of the brushes in leaf 0 or 1 that touches the portal has CONTENTS_SOLID 
Check for a huge brush enclosing the coordinates above that has contents CONTENTS_SOLID 
Candidate brush IDs: 


FindPortalSide: Couldn't find a good match for which brush to assign to a portal near (12800.0 8192.0 96.0)
Leaf 0 contents: 
Leaf 1 contents: CONTENTS_SOLID 
viscontents (node 0 contents ^ node 1 contents): CONTENTS_SOLID 
This means that none of the brushes in leaf 0 or 1 that touches the portal has CONTENTS_SOLID 
Check for a huge brush enclosing the coordinates above that has contents CONTENTS_SOLID 
Candidate brush IDs: 

*** Suppressing further FindPortalSide errors.... ***
Processing areas...done (0)
Building Faces...done (0)
Chop Details...done (0)
Find Visible Detail Sides...done (0)
Merging details...done (0)
FixTjuncs...
PruneNodes...
WriteBSP...
done (2)
Creating default LDR cubemaps for env_cubemap using skybox materials:
   skybox/sky_day01_01*.vmt
 ! Run buildcubemaps in the engine to get the correct cube maps.
Creating default HDR cubemaps for env_cubemap using skybox materials:
   skybox/sky_day01_01*.vmt
 ! Run buildcubemaps in the engine to get the correct cube maps.
Finding displacement neighbors...
Finding lightmap sample positions...
Displacement Alpha : 0...1...2...3...4...5...6...7...8...9...10
Building Physics collision data...
done (24) (1841284 bytes)
Placing detail props : 0...1...2...3...4...5...6...7...8...9...10
Water found with no water_lod_control entity, creating a default one.
Compacting texture/material tables...
Reduced 1628 texinfos to 1161
Reduced 46 texdatas to 34 (1358 bytes to 827)
Writing C:\Users\Pires\OneDrive\myMaps\CS Source\VMF\surf_afterlife.bsp
Wrote ZIP buffer, estimated size 216035, actual size 214347
29 seconds elapsed



4 threads
reading c:\users\pires\onedrive\mymaps\cs source\vmf\surf_afterlife.bsp
reading c:\users\pires\onedrive\mymaps\cs source\vmf\surf_afterlife.prt
LoadPortals: couldn't read c:\users\pires\onedrive\mymaps\cs source\vmf\surf_afterlife.prt



[Reading texlights from 'lights.rad']
[2 texlights parsed from 'lights.rad']

Loading c:\users\pires\onedrive\mymaps\cs source\vmf\surf_afterlife.bsp
No vis information, direct lighting only.
22419 faces
2 degenerate faces
132364712 square feet [19060518912.00 square inches]
0 Displacements
0 Square Feet [0.00 Square Inches]
500 direct lights
0...1...2...3...4...5...6...7...8...9...10Build Patch/Sample Hash Table(s).....Done<0.1770 sec>
0...1...2...3...4...5...6...7...8...9...10FinalLightFace Done
0 of 0 (0% of) surface lights went in leaf ambient cubes.
0...1...2...3...4...5...6...7...8...9...10Writing leaf ambient...done
Ready to Finish

Object names       Objects/Maxobjs  Memory / Maxmem  Fullness 
------------       ---------------  ---------------  -------- 
models                 175/1024         8400/49152    (17.1%) 
brushes               5317/8192        63804/98304    (64.9%) 
brushsides           37507/65536      300056/524288   (57.2%) 
planes               11696/65536      233920/1310720  (17.8%) 
vertexes             31347/65536      376164/786432   (47.8%) 
nodes                17467/65536      558944/2097152  (26.7%) 
texinfos              1161/12288       83592/884736   ( 9.4%) 
texdata                 34/2048         1088/65536    ( 1.7%) 
dispinfos                0/0               0/0        ( 0.0%) 
disp_verts               0/0               0/0        ( 0.0%) 
disp_tris                0/0               0/0        ( 0.0%) 
disp_lmsamples           0/0               0/0        ( 0.0%) 
faces                22419/65536     1255464/3670016  (34.2%) 
hdr faces                0/65536           0/3670016  ( 0.0%) 
origfaces            12908/65536      722848/3670016  (19.7%) 
leaves               17643/65536      564576/2097152  (26.9%) 
leaffaces            26217/65536       52434/131072   (40.0%) 
leafbrushes           9681/65536       19362/131072   (14.8%) 
areas                   16/256           128/2048     ( 6.3%) 
surfedges           153294/512000     613176/2048000  (29.9%) 
edges                85794/256000     343176/1024000  (33.5%) 
LDR worldlights        500/8192        44000/720896   ( 6.1%) 
HDR worldlights          0/8192            0/720896   ( 0.0%) 
leafwaterdata            5/32768          60/393216   ( 0.0%) 
waterstrips           1112/32768       11120/327680   ( 3.4%) 
waterverts               0/65536           0/786432   ( 0.0%) 
waterindices         17208/65536       34416/131072   (26.3%) 
cubemapsamples           0/1024            0/16384    ( 0.0%) 
overlays                 0/512             0/180224   ( 0.0%) 
LDR lightdata         [variable]     6696784/0        ( 0.0%) 
HDR lightdata         [variable]           0/0        ( 0.0%) 
visdata               [variable]           0/16777216 ( 0.0%) 
entdata               [variable]      313747/393216   (79.8%) 
LDR ambient table    17643/65536       70572/262144   (26.9%) 
HDR ambient table    17643/65536       70572/262144   (26.9%) 
LDR leaf ambient     52738/65536     1476664/1835008  (80.5%) VERY FULL!
HDR leaf ambient     17643/65536      494004/1835008  (26.9%) 
occluders                0/0               0/0        ( 0.0%) 
occluder polygons        0/0               0/0        ( 0.0%) 
occluder vert ind        0/0               0/0        ( 0.0%) 
detail props          [variable]           1/12       ( 8.3%) 
static props          [variable]           1/290      ( 0.3%) 
pakfile               [variable]      214347/0        ( 0.0%) 
physics               [variable]     1841284/4194304  (43.9%) 
physics terrain       [variable]           2/1048576  ( 0.0%) 

Level flags = 0

Total triangle count: 57262
Writing c:\users\pires\onedrive\mymaps\cs source\vmf\surf_afterlife.bsp
4 minutes, 32 seconds elapsed



materialPath: C:\Program Files (x86)\Steam\steamapps\common\Counter-Strike Source\cstrike\materials
Loading C:\Users\Pires\OneDrive\myMaps\CS Source\VMF\surf_afterlife.vmf
ConVarRef mat_reduceparticles doesn't point to an existing ConVar
Could not locate 'GameData' key in c:\program files (x86)\steam\steamapps\common\counter-strike source\cstrike\gameinfo.txt
Patching WVT material: maps/surf_afterlife/de_dust/groundsand_blend_wvt_patch
fixing up env_cubemap materials on brush sides...
0...1...2...3...4...5...6...7...8...9...10**** leaked ****
Entity trigger_teleport (-6192.00 -528.00 -703.00) leaked!

FindPortalSide: Couldn't find a good match for which brush to assign to a portal near (13824.0 7168.0 96.0)
Leaf 0 contents: CONTENTS_SOLID 
Leaf 1 contents: 
viscontents (node 0 contents ^ node 1 contents): CONTENTS_SOLID 
This means that none of the brushes in leaf 0 or 1 that touches the portal has CONTENTS_SOLID 
Check for a huge brush enclosing the coordinates above that has contents CONTENTS_SOLID 
Candidate brush IDs: 


FindPortalSide: Couldn't find a good match for which brush to assign to a portal near (14336.0 7680.0 96.0)
Leaf 0 contents: 
Leaf 1 contents: CONTENTS_SOLID 
viscontents (node 0 contents ^ node 1 contents): CONTENTS_SOLID 
This means that none of the brushes in leaf 0 or 1 that touches the portal has CONTENTS_SOLID 
Check for a huge brush enclosing the coordinates above that has contents CONTENTS_SOLID 
Candidate brush IDs: 


FindPortalSide: Couldn't find a good match for which brush to assign to a portal near (13824.0 8192.0 96.0)
Leaf 0 contents: 
Leaf 1 contents: CONTENTS_SOLID 
viscontents (node 0 contents ^ node 1 contents): CONTENTS_SOLID 
This means that none of the brushes in leaf 0 or 1 that touches the portal has CONTENTS_SOLID 
Check for a huge brush enclosing the coordinates above that has contents CONTENTS_SOLID 
Candidate brush IDs: 


FindPortalSide: Couldn't find a good match for which brush to assign to a portal near (12800.0 7168.0 -9448.0)
Leaf 0 contents: CONTENTS_SOLID 
Leaf 1 contents: 
viscontents (node 0 contents ^ node 1 contents): CONTENTS_SOLID 
This means that none of the brushes in leaf 0 or 1 that touches the portal has CONTENTS_SOLID 
Check for a huge brush enclosing the coordinates above that has contents CONTENTS_SOLID 
Candidate brush IDs: 


FindPortalSide: Couldn't find a good match for which brush to assign to a portal near (12800.0 7168.0 -480.0)
Leaf 0 contents: CONTENTS_SOLID 
Leaf 1 contents: 
viscontents (node 0 contents ^ node 1 contents): CONTENTS_SOLID 
This means that none of the brushes in leaf 0 or 1 that touches the portal has CONTENTS_SOLID 
Check for a huge brush enclosing the coordinates above that has contents CONTENTS_SOLID 
Candidate brush IDs: 


FindPortalSide: Couldn't find a good match for which brush to assign to a portal near (12800.0 7168.0 4192.0)
Leaf 0 contents: CONTENTS_SOLID 
Leaf 1 contents: 
viscontents (node 0 contents ^ node 1 contents): CONTENTS_SOLID 
This means that none of the brushes in leaf 0 or 1 that touches the portal has CONTENTS_SOLID 
Check for a huge brush enclosing the coordinates above that has contents CONTENTS_SOLID 
Candidate brush IDs: 


FindPortalSide: Couldn't find a good match for which brush to assign to a portal near (12800.0 7168.0 9160.0)
Leaf 0 contents: CONTENTS_SOLID 
Leaf 1 contents: 
viscontents (node 0 contents ^ node 1 contents): CONTENTS_SOLID 
This means that none of the brushes in leaf 0 or 1 that touches the portal has CONTENTS_SOLID 
Check for a huge brush enclosing the coordinates above that has contents CONTENTS_SOLID 
Candidate brush IDs: 


FindPortalSide: Couldn't find a good match for which brush to assign to a portal near (12800.0 8192.0 96.0)
Leaf 0 contents: 
Leaf 1 contents: CONTENTS_SOLID 
viscontents (node 0 contents ^ node 1 contents): CONTENTS_SOLID 
This means that none of the brushes in leaf 0 or 1 that touches the portal has CONTENTS_SOLID 
Check for a huge brush enclosing the coordinates above that has contents CONTENTS_SOLID 
Candidate brush IDs: 

*** Suppressing further FindPortalSide errors.... ***
Processing areas...done (0)
Building Faces...done (0)
Chop Details...done (0)
Find Visible Detail Sides...done (0)
Merging details...done (0)
FixTjuncs...
PruneNodes...
WriteBSP...
done (1)
Creating default LDR cubemaps for env_cubemap using skybox materials:
   skybox/sky_day01_01*.vmt
 ! Run buildcubemaps in the engine to get the correct cube maps.
Creating default HDR cubemaps for env_cubemap using skybox materials:
   skybox/sky_day01_01*.vmt
 ! Run buildcubemaps in the engine to get the correct cube maps.
Finding displacement neighbors...
Finding lightmap sample positions...
Displacement Alpha : 0...1...2...3...4...5...6...7...8...9...10
Building Physics collision data...
done (14) (1598703 bytes)
Placing detail props : 0...1...2...3...4...5...6...7...8...9...10
Water found with no water_lod_control entity, creating a default one.
Compacting texture/material tables...
Reduced 1539 texinfos to 1102
Reduced 40 texdatas to 32 (1123 bytes to 780)
Writing C:\Users\Pires\OneDrive\myMaps\CS Source\VMF\surf_afterlife.bsp
Wrote ZIP buffer, estimated size 214673, actual size 213387
17 seconds elapsed



4 threads
reading c:\users\pires\onedrive\mymaps\cs source\vmf\surf_afterlife.bsp
reading c:\users\pires\onedrive\mymaps\cs source\vmf\surf_afterlife.prt
LoadPortals: couldn't read c:\users\pires\onedrive\mymaps\cs source\vmf\surf_afterlife.prt



[Reading texlights from 'lights.rad']
[2 texlights parsed from 'lights.rad']

Loading c:\users\pires\onedrive\mymaps\cs source\vmf\surf_afterlife.bsp
No vis information, direct lighting only.
20215 faces
2 degenerate faces
90465744 square feet [13027066880.00 square inches]
0 Displacements
0 Square Feet [0.00 Square Inches]
480 direct lights
0...1...2...3...4...5...6...7...8...9...10Build Patch/Sample Hash Table(s).....Done<0.1284 sec>
0...1...2...3...4...5...6...7...8...9...10FinalLightFace Done
0 of 0 (0% of) surface lights went in leaf ambient cubes.
0...1...2...3...4...5...6...7...8...9...10Writing leaf ambient...done
Ready to Finish

Object names       Objects/Maxobjs  Memory / Maxmem  Fullness 
------------       ---------------  ---------------  -------- 
models                 167/1024         8016/49152    (16.3%) 
brushes               4557/8192        54684/98304    (55.6%) 
brushsides           32676/65536      261408/524288   (49.9%) 
planes               11136/65536      222720/1310720  (17.0%) 
vertexes             28050/65536      336600/786432   (42.8%) 
nodes                15310/65536      489920/2097152  (23.4%) 
texinfos              1102/12288       79344/884736   ( 9.0%) 
texdata                 32/2048         1024/65536    ( 1.6%) 
dispinfos                0/0               0/0        ( 0.0%) 
disp_verts               0/0               0/0        ( 0.0%) 
disp_tris                0/0               0/0        ( 0.0%) 
disp_lmsamples           0/0               0/0        ( 0.0%) 
faces                20215/65536     1132040/3670016  (30.8%) 
hdr faces                0/65536           0/3670016  ( 0.0%) 
origfaces            11596/65536      649376/3670016  (17.7%) 
leaves               15478/65536      495296/2097152  (23.6%) 
leaffaces            23400/65536       46800/131072   (35.7%) 
leafbrushes           8384/65536       16768/131072   (12.8%) 
areas                   13/256           104/2048     ( 5.1%) 
surfedges           137739/512000     550956/2048000  (26.9%) 
edges                76841/256000     307364/1024000  (30.0%) 
LDR worldlights        480/8192        42240/720896   ( 5.9%) 
HDR worldlights          0/8192            0/720896   ( 0.0%) 
leafwaterdata            2/32768          24/393216   ( 0.0%) 
waterstrips            976/32768        9760/327680   ( 3.0%) 
waterverts               0/65536           0/786432   ( 0.0%) 
waterindices         14955/65536       29910/131072   (22.8%) 
cubemapsamples           0/1024            0/16384    ( 0.0%) 
overlays                 0/512             0/180224   ( 0.0%) 
LDR lightdata         [variable]     5994200/0        ( 0.0%) 
HDR lightdata         [variable]           0/0        ( 0.0%) 
visdata               [variable]           0/16777216 ( 0.0%) 
entdata               [variable]      306075/393216   (77.8%) 
LDR ambient table    15478/65536       61912/262144   (23.6%) 
HDR ambient table    15478/65536       61912/262144   (23.6%) 
LDR leaf ambient     47835/65536     1339380/1835008  (73.0%) 
HDR leaf ambient     15478/65536      433384/1835008  (23.6%) 
occluders                0/0               0/0        ( 0.0%) 
occluder polygons        0/0               0/0        ( 0.0%) 
occluder vert ind        0/0               0/0        ( 0.0%) 
detail props          [variable]           1/12       ( 8.3%) 
static props          [variable]           1/290      ( 0.3%) 
pakfile               [variable]      213387/0        ( 0.0%) 
physics               [variable]     1598703/4194304  (38.1%) 
physics terrain       [variable]           2/1048576  ( 0.0%) 

Level flags = 0

Total triangle count: 51330
Writing c:\users\pires\onedrive\mymaps\cs source\vmf\surf_afterlife.bsp
3 minutes, 16 seconds elapsed



materialPath: C:\Program Files (x86)\Steam\steamapps\common\Counter-Strike Source\cstrike\materials
Loading C:\Users\Pires\OneDrive\myMaps\CS Source\VMF\surf_afterlife.vmf
ConVarRef mat_reduceparticles doesn't point to an existing ConVar
Could not locate 'GameData' key in c:\program files (x86)\steam\steamapps\common\counter-strike source\cstrike\gameinfo.txt
Patching WVT material: maps/surf_afterlife/de_dust/groundsand_blend_wvt_patch
fixing up env_cubemap materials on brush sides...
0...1...2...3...4...5...6...7...8...9...10**** leaked ****
Entity trigger_teleport (-6192.00 -528.00 -703.00) leaked!

FindPortalSide: Couldn't find a good match for which brush to assign to a portal near (13824.0 7168.0 96.0)
Leaf 0 contents: CONTENTS_SOLID 
Leaf 1 contents: 
viscontents (node 0 contents ^ node 1 contents): CONTENTS_SOLID 
This means that none of the brushes in leaf 0 or 1 that touches the portal has CONTENTS_SOLID 
Check for a huge brush enclosing the coordinates above that has contents CONTENTS_SOLID 
Candidate brush IDs: 


FindPortalSide: Couldn't find a good match for which brush to assign to a portal near (14336.0 7680.0 96.0)
Leaf 0 contents: 
Leaf 1 contents: CONTENTS_SOLID 
viscontents (node 0 contents ^ node 1 contents): CONTENTS_SOLID 
This means that none of the brushes in leaf 0 or 1 that touches the portal has CONTENTS_SOLID 
Check for a huge brush enclosing the coordinates above that has contents CONTENTS_SOLID 
Candidate brush IDs: 


FindPortalSide: Couldn't find a good match for which brush to assign to a portal near (13824.0 8192.0 96.0)
Leaf 0 contents: 
Leaf 1 contents: CONTENTS_SOLID 
viscontents (node 0 contents ^ node 1 contents): CONTENTS_SOLID 
This means that none of the brushes in leaf 0 or 1 that touches the portal has CONTENTS_SOLID 
Check for a huge brush enclosing the coordinates above that has contents CONTENTS_SOLID 
Candidate brush IDs: 


FindPortalSide: Couldn't find a good match for which brush to assign to a portal near (12800.0 7168.0 -9448.0)
Leaf 0 contents: CONTENTS_SOLID 
Leaf 1 contents: 
viscontents (node 0 contents ^ node 1 contents): CONTENTS_SOLID 
This means that none of the brushes in leaf 0 or 1 that touches the portal has CONTENTS_SOLID 
Check for a huge brush enclosing the coordinates above that has contents CONTENTS_SOLID 
Candidate brush IDs: 


FindPortalSide: Couldn't find a good match for which brush to assign to a portal near (12800.0 7168.0 -480.0)
Leaf 0 contents: CONTENTS_SOLID 
Leaf 1 contents: 
viscontents (node 0 contents ^ node 1 contents): CONTENTS_SOLID 
This means that none of the brushes in leaf 0 or 1 that touches the portal has CONTENTS_SOLID 
Check for a huge brush enclosing the coordinates above that has contents CONTENTS_SOLID 
Candidate brush IDs: 


FindPortalSide: Couldn't find a good match for which brush to assign to a portal near (12800.0 7168.0 4192.0)
Leaf 0 contents: CONTENTS_SOLID 
Leaf 1 contents: 
viscontents (node 0 contents ^ node 1 contents): CONTENTS_SOLID 
This means that none of the brushes in leaf 0 or 1 that touches the portal has CONTENTS_SOLID 
Check for a huge brush enclosing the coordinates above that has contents CONTENTS_SOLID 
Candidate brush IDs: 


FindPortalSide: Couldn't find a good match for which brush to assign to a portal near (12800.0 7168.0 9160.0)
Leaf 0 contents: CONTENTS_SOLID 
Leaf 1 contents: 
viscontents (node 0 contents ^ node 1 contents): CONTENTS_SOLID 
This means that none of the brushes in leaf 0 or 1 that touches the portal has CONTENTS_SOLID 
Check for a huge brush enclosing the coordinates above that has contents CONTENTS_SOLID 
Candidate brush IDs: 


FindPortalSide: Couldn't find a good match for which brush to assign to a portal near (12800.0 8192.0 96.0)
Leaf 0 contents: 
Leaf 1 contents: CONTENTS_SOLID 
viscontents (node 0 contents ^ node 1 contents): CONTENTS_SOLID 
This means that none of the brushes in leaf 0 or 1 that touches the portal has CONTENTS_SOLID 
Check for a huge brush enclosing the coordinates above that has contents CONTENTS_SOLID 
Candidate brush IDs: 

*** Suppressing further FindPortalSide errors.... ***
Processing areas...done (0)
Building Faces...done (0)
Chop Details...done (0)
Find Visible Detail Sides...done (0)
Merging details...done (0)
FixTjuncs...
PruneNodes...
WriteBSP...
done (2)
Creating default LDR cubemaps for env_cubemap using skybox materials:
   skybox/sky_day01_01*.vmt
 ! Run buildcubemaps in the engine to get the correct cube maps.
Creating default HDR cubemaps for env_cubemap using skybox materials:
   skybox/sky_day01_01*.vmt
 ! Run buildcubemaps in the engine to get the correct cube maps.
Finding displacement neighbors...
Finding lightmap sample positions...
Displacement Alpha : 0...1...2...3...4...5...6...7...8...9...10
Building Physics collision data...
done (19) (1597313 bytes)
Placing detail props : 0...1...2...3...4...5...6...7...8...9...10
Water found with no water_lod_control entity, creating a default one.
Compacting texture/material tables...
Reduced 1535 texinfos to 1099
Reduced 40 texdatas to 32 (1123 bytes to 780)
Writing C:\Users\Pires\OneDrive\myMaps\CS Source\VMF\surf_afterlife.bsp
Wrote ZIP buffer, estimated size 214673, actual size 213387
23 seconds elapsed



4 threads
reading c:\users\pires\onedrive\mymaps\cs source\vmf\surf_afterlife.bsp
reading c:\users\pires\onedrive\mymaps\cs source\vmf\surf_afterlife.prt
LoadPortals: couldn't read c:\users\pires\onedrive\mymaps\cs source\vmf\surf_afterlife.prt



[Reading texlights from 'lights.rad']
[2 texlights parsed from 'lights.rad']

Loading c:\users\pires\onedrive\mymaps\cs source\vmf\surf_afterlife.bsp
No vis information, direct lighting only.
20210 faces
2 degenerate faces
90462456 square feet [13026593792.00 square inches]
0 Displacements
0 Square Feet [0.00 Square Inches]
480 direct lights
0...1...2...3...4...5...6...7...8...9...10Build Patch/Sample Hash Table(s).....Done<0.2112 sec>
0...1...2...3...4...5...6...7...8...9...10FinalLightFace Done
0 of 0 (0% of) surface lights went in leaf ambient cubes.
0...1...2...3...4...5...6...7...8...9...10Writing leaf ambient...done
Ready to Finish

Object names       Objects/Maxobjs  Memory / Maxmem  Fullness 
------------       ---------------  ---------------  -------- 
models                 166/1024         7968/49152    (16.2%) 
brushes               4554/8192        54648/98304    (55.6%) 
brushsides           32657/65536      261256/524288   (49.8%) 
planes               11130/65536      222600/1310720  (17.0%) 
vertexes             28035/65536      336420/786432   (42.8%) 
nodes                15300/65536      489600/2097152  (23.3%) 
texinfos              1099/12288       79128/884736   ( 8.9%) 
texdata                 32/2048         1024/65536    ( 1.6%) 
dispinfos                0/0               0/0        ( 0.0%) 
disp_verts               0/0               0/0        ( 0.0%) 
disp_tris                0/0               0/0        ( 0.0%) 
disp_lmsamples           0/0               0/0        ( 0.0%) 
faces                20210/65536     1131760/3670016  (30.8%) 
hdr faces                0/65536           0/3670016  ( 0.0%) 
origfaces            11584/65536      648704/3670016  (17.7%) 
leaves               15467/65536      494944/2097152  (23.6%) 
leaffaces            23400/65536       46800/131072   (35.7%) 
leafbrushes           8385/65536       16770/131072   (12.8%) 
areas                   13/256           104/2048     ( 5.1%) 
surfedges           137663/512000     550652/2048000  (26.9%) 
edges                76797/256000     307188/1024000  (30.0%) 
LDR worldlights        480/8192        42240/720896   ( 5.9%) 
HDR worldlights          0/8192            0/720896   ( 0.0%) 
leafwaterdata            2/32768          24/393216   ( 0.0%) 
waterstrips            978/32768        9780/327680   ( 3.0%) 
waterverts               0/65536           0/786432   ( 0.0%) 
waterindices         14994/65536       29988/131072   (22.9%) 
cubemapsamples           0/1024            0/16384    ( 0.0%) 
overlays                 0/512             0/180224   ( 0.0%) 
LDR lightdata         [variable]     5999040/0        ( 0.0%) 
HDR lightdata         [variable]           0/0        ( 0.0%) 
visdata               [variable]           0/16777216 ( 0.0%) 
entdata               [variable]      305888/393216   (77.8%) 
LDR ambient table    15467/65536       61868/262144   (23.6%) 
HDR ambient table    15467/65536       61868/262144   (23.6%) 
LDR leaf ambient     47766/65536     1337448/1835008  (72.9%) 
HDR leaf ambient     15467/65536      433076/1835008  (23.6%) 
occluders                0/0               0/0        ( 0.0%) 
occluder polygons        0/0               0/0        ( 0.0%) 
occluder vert ind        0/0               0/0        ( 0.0%) 
detail props          [variable]           1/12       ( 8.3%) 
static props          [variable]           1/290      ( 0.3%) 
pakfile               [variable]      213387/0        ( 0.0%) 
physics               [variable]     1597313/4194304  (38.1%) 
physics terrain       [variable]           2/1048576  ( 0.0%) 

Level flags = 0

Total triangle count: 51316
Writing c:\users\pires\onedrive\mymaps\cs source\vmf\surf_afterlife.bsp
3 minutes, 58 seconds elapsed
