PRT1
20
36
4 0 8 (0 992 -480 ) (0 608 -480 ) (0 608 480 ) (0 992 480 ) 
4 0 1 (0 608 480 ) (0 608 -64 ) (992 608 -64 ) (992 608 480 ) 
4 1 9 (0 608 480 ) (0 608 -64 ) (0 576 -64 ) (0 576 480 ) 
4 1 2 (992 576 -64 ) (992 576 480 ) (0 576 480 ) (0 576 -64 ) 
4 2 10 (0 0 -64 ) (0 0 480 ) (0 576 480 ) (0 576 -64 ) 
4 2 4 (0 0 480 ) (0 0 -64 ) (992 0 -64 ) (992 0 480 ) 
4 2 3 (0 0 -64 ) (0 576 -64 ) (960 576 -64 ) (960 0 -64 ) 
4 3 10 (0 0 -416 ) (0 0 -64 ) (0 576 -64 ) (0 576 -416 ) 
4 3 5 (0 0 -64 ) (0 0 -416 ) (960 0 -416 ) (960 0 -64 ) 
4 4 13 (0 0 480 ) (0 0 -64 ) (0 -576 -64 ) (0 -576 480 ) 
4 4 6 (0 -576 480 ) (0 -576 -64 ) (992 -576 -64 ) (992 -576 480 ) 
4 4 5 (960 -576 -64 ) (0 -576 -64 ) (0 0 -64 ) (960 0 -64 ) 
4 5 13 (0 0 -64 ) (0 0 -416 ) (0 -576 -416 ) (0 -576 -64 ) 
4 6 15 (0 -576 480 ) (0 -576 -64 ) (0 -608 -64 ) (0 -608 480 ) 
4 6 7 (992 -608 -64 ) (992 -608 480 ) (0 -608 480 ) (0 -608 -64 ) 
4 7 16 (0 -992 480 ) (0 -608 480 ) (0 -608 -480 ) (0 -992 -480 ) 
4 8 12 (-1024 992 -480 ) (-1024 608 -480 ) (-1024 608 480 ) (-1024 992 480 ) 
4 8 9 (0 608 -64 ) (0 608 480 ) (-1024 608 480 ) (-1024 608 -64 ) 
4 9 12 (-1024 608 480 ) (-1024 608 -64 ) (-1024 576 -64 ) (-1024 576 480 ) 
4 9 11 (-1024 576 480 ) (-1024 576 -64 ) (-992 576 -64 ) (-992 576 480 ) 
4 9 10 (-992 576 -64 ) (0 576 -64 ) (0 576 480 ) (-992 576 480 ) 
4 10 13 (0 0 -416 ) (0 0 480 ) (-992 0 480 ) (-992 0 -416 ) 
4 10 11 (-992 0 -64 ) (-992 0 480 ) (-992 576 480 ) (-992 576 -64 ) 
4 11 14 (-992 0 480 ) (-1024 0 480 ) (-1024 0 -64 ) (-992 0 -64 ) 
4 11 12 (-1024 0 -64 ) (-1024 0 480 ) (-1024 576 480 ) (-1024 576 -64 ) 
4 12 18 (-2048 0 -480 ) (-2048 0 480 ) (-2048 992 480 ) (-2048 992 -480 ) 
4 12 17 (-1024 0 -480 ) (-1024 0 480 ) (-2048 0 480 ) (-2048 0 -480 ) 
4 13 15 (0 -576 -64 ) (0 -576 480 ) (-992 -576 480 ) (-992 -576 -64 ) 
4 13 14 (-992 -576 -64 ) (-992 -576 480 ) (-992 0 480 ) (-992 0 -64 ) 
4 14 17 (-1024 0 480 ) (-1024 0 -64 ) (-1024 -576 -64 ) (-1024 -576 480 ) 
4 14 15 (-1024 -576 480 ) (-1024 -576 -64 ) (-992 -576 -64 ) (-992 -576 480 ) 
4 15 17 (-1024 -576 480 ) (-1024 -576 -64 ) (-1024 -608 -64 ) (-1024 -608 480 ) 
4 15 16 (0 -608 -64 ) (0 -608 480 ) (-1024 -608 480 ) (-1024 -608 -64 ) 
4 16 17 (-1024 -992 480 ) (-1024 -608 480 ) (-1024 -608 -480 ) (-1024 -992 -480 ) 
4 17 19 (-2048 -992 480 ) (-2048 0 480 ) (-2048 0 -480 ) (-2048 -992 -480 ) 
4 18 19 (-2048 0 -480 ) (-2048 0 480 ) (-2528 0 480 ) (-2528 0 -480 ) 
